
> YOUR-SITE-NAME@0.0.1 build
> astro build

[1G[0K[2m22:52:08[22m [34m[types][39m Generated [2m39ms[22m
[2m22:52:08[22m [34m[build][39m output: [34m"static"[39m
[2m22:52:08[22m [34m[build][39m directory: [34m/home/bigboy/Documents/astro-monorepo-contentnet/apps/_site-template/dist/[39m
[2m22:52:08[22m [34m[build][39m Collecting build info...
[2m22:52:08[22m [34m[build][39m [32m✓ Completed in 47ms.[39m
[2m22:52:08[22m [34m[build][39m Building static entrypoints...
[2K[1G[2K[1G[2K[1G[2K[1G[2K[1G[2K[1G[2K[1G[2K[1G[2K[1G[2K[1G[2K[1G[2K[1G[2m22:52:09[22m [34m[vite][39m [32m✓ built in 768ms[39m
[2m22:52:09[22m [34m[build][39m [32m✓ Completed in 799ms.[39m

[42m[30m generating static routes [39m[49m
[2m22:52:09[22m [32m▶[39m src/pages/about.md
[2m22:52:09[22m   [34m└─[39m [2m/about/index.html[22m [2m(+7ms)[22m
[2m22:52:09[22m [32m▶[39m src/pages/legal.md
[2m22:52:09[22m   [34m└─[39m [2m/legal/index.html[22m [2m(+2ms)[22m
[2m22:52:09[22m [32m▶[39m src/pages/index.astro
[2m22:52:09[22m   [34m└─[39m [2m/index.html[22m🤖 Fetching content for tag: #SITE-EXAMPLE-TAG
 [31m(+11.05s)[39m
[2m22:52:20[22m [32m✓ Completed in 11.09s.
[39m
[2m22:52:20[22m [34m[build][39m 3 page(s) built in [1m11.94s[22m
[2m22:52:20[22m [34m[build][39m [1mComplete![22m
[1G[0K⠙[1G[0K
